Configuration file: /home/cortega26/noticiencias/_config.yml
            Source: /home/cortega26/noticiencias
       Destination: /home/cortega26/noticiencias/_site
 Incremental build: disabled. Enable with --incremental
      Generating... 
      Remote Theme: Using theme mmistakes/minimal-mistakes
[33m        Pagination: Pagination is enabled, but I couldn't find an index.html page to use as the pagination template. Skipping pagination.[0m
       Jekyll Feed: Generating feed for posts
[31m  Liquid Exception: Liquid syntax error (/home/cortega26/noticiencias/_includes/head.html line 19): Tag '{% - endif -%}' was not properly terminated with regexp: /\%\}/ included in /_layouts/default.html[0m
bundler: failed to load command: jekyll (/home/cortega26/gems/bin/jekyll)
/home/cortega26/gems/gems/liquid-4.0.4/lib/liquid/block_body.rb:132:in `raise_missing_tag_terminator': Liquid syntax error (/home/cortega26/noticiencias/_includes/head.html line 19): Tag '{% - endif -%}' was not properly terminated with regexp: /\%\}/ included  (Liquid::SyntaxError)
	from /home/cortega26/gems/gems/liquid-4.0.4/lib/liquid/block_body.rb:24:in `parse'
	from /home/cortega26/gems/gems/liquid-4.0.4/lib/liquid/block.rb:58:in `parse_body'
	from /home/cortega26/gems/gems/liquid-4.0.4/lib/liquid/tags/if.rb:30:in `parse'
	from /home/cortega26/gems/gems/liquid-4.0.4/lib/liquid/tag.rb:10:in `parse'
	from /home/cortega26/gems/gems/liquid-4.0.4/lib/liquid/block_body.rb:34:in `parse'
	from /home/cortega26/gems/gems/liquid-4.0.4/lib/liquid/document.rb:10:in `parse'
	from /home/cortega26/gems/gems/liquid-4.0.4/lib/liquid/document.rb:5:in `parse'
	from /home/cortega26/gems/gems/liquid-4.0.4/lib/liquid/template.rb:130:in `parse'
	from /home/cortega26/gems/gems/liquid-4.0.4/lib/liquid/template.rb:114:in `parse'
	from /home/cortega26/gems/gems/jekyll-3.10.0/lib/jekyll/liquid_renderer/file.rb:13:in `block in parse'
	from /home/cortega26/gems/gems/jekyll-3.10.0/lib/jekyll/liquid_renderer/file.rb:49:in `measure_time'
	from /home/cortega26/gems/gems/jekyll-3.10.0/lib/jekyll/liquid_renderer/file.rb:12:in `parse'
	from /home/cortega26/gems/gems/jekyll-3.10.0/lib/jekyll/tags/include.rb:174:in `load_cached_partial'
	from /home/cortega26/gems/gems/jekyll-3.10.0/lib/jekyll/tags/include.rb:135:in `render'
	from /home/cortega26/gems/gems/liquid-4.0.4/lib/liquid/block_body.rb:103:in `render_node_to_output'
	from /home/cortega26/gems/gems/liquid-4.0.4/lib/liquid/block_body.rb:91:in `render'
	from /home/cortega26/gems/gems/liquid-4.0.4/lib/liquid/template.rb:206:in `block in render'
	from /home/cortega26/gems/gems/liquid-4.0.4/lib/liquid/template.rb:240:in `with_profiling'
	from /home/cortega26/gems/gems/liquid-4.0.4/lib/liquid/template.rb:205:in `render'
	from /home/cortega26/gems/gems/liquid-4.0.4/lib/liquid/template.rb:218:in `render!'
	from /home/cortega26/gems/gems/jekyll-3.10.0/lib/jekyll/liquid_renderer/file.rb:30:in `block (2 levels) in render!'
	from /home/cortega26/gems/gems/jekyll-3.10.0/lib/jekyll/liquid_renderer/file.rb:42:in `measure_bytes'
	from /home/cortega26/gems/gems/jekyll-3.10.0/lib/jekyll/liquid_renderer/file.rb:29:in `block in render!'
	from /home/cortega26/gems/gems/jekyll-3.10.0/lib/jekyll/liquid_renderer/file.rb:49:in `measure_time'
	from /home/cortega26/gems/gems/jekyll-3.10.0/lib/jekyll/liquid_renderer/file.rb:28:in `render!'
	from /home/cortega26/gems/gems/jekyll-3.10.0/lib/jekyll/renderer.rb:126:in `render_liquid'
	from /home/cortega26/gems/gems/jekyll-3.10.0/lib/jekyll/renderer.rb:195:in `render_layout'
	from /home/cortega26/gems/gems/jekyll-3.10.0/lib/jekyll/renderer.rb:158:in `place_in_layouts'
	from /home/cortega26/gems/gems/jekyll-3.10.0/lib/jekyll/renderer.rb:88:in `render_document'
	from /home/cortega26/gems/gems/jekyll-3.10.0/lib/jekyll/renderer.rb:62:in `run'
	from /home/cortega26/gems/gems/jekyll-3.10.0/lib/jekyll/site.rb:479:in `render_regenerated'
	from /home/cortega26/gems/gems/jekyll-3.10.0/lib/jekyll/site.rb:464:in `block (2 levels) in render_docs'
	from /home/cortega26/gems/gems/jekyll-3.10.0/lib/jekyll/site.rb:463:in `each'
	from /home/cortega26/gems/gems/jekyll-3.10.0/lib/jekyll/site.rb:463:in `block in render_docs'
	from /home/cortega26/gems/gems/jekyll-3.10.0/lib/jekyll/site.rb:462:in `each_value'
	from /home/cortega26/gems/gems/jekyll-3.10.0/lib/jekyll/site.rb:462:in `render_docs'
	from /home/cortega26/gems/gems/jekyll-3.10.0/lib/jekyll/site.rb:191:in `render'
	from /home/cortega26/gems/gems/jekyll-3.10.0/lib/jekyll/site.rb:71:in `process'
	from /home/cortega26/gems/gems/jekyll-3.10.0/lib/jekyll/command.rb:28:in `process_site'
	from /home/cortega26/gems/gems/jekyll-3.10.0/lib/jekyll/commands/build.rb:65:in `build'
	from /home/cortega26/gems/gems/jekyll-3.10.0/lib/jekyll/commands/build.rb:36:in `process'
	from /home/cortega26/gems/gems/jekyll-3.10.0/lib/jekyll/commands/build.rb:18:in `block (2 levels) in init_with_program'
	from /home/cortega26/gems/gems/mercenary-0.3.6/lib/mercenary/command.rb:220:in `block in execute'
	from /home/cortega26/gems/gems/mercenary-0.3.6/lib/mercenary/command.rb:220:in `each'
	from /home/cortega26/gems/gems/mercenary-0.3.6/lib/mercenary/command.rb:220:in `execute'
	from /home/cortega26/gems/gems/mercenary-0.3.6/lib/mercenary/program.rb:42:in `go'
	from /home/cortega26/gems/gems/mercenary-0.3.6/lib/mercenary.rb:19:in `program'
	from /home/cortega26/gems/gems/jekyll-3.10.0/exe/jekyll:15:in `<top (required)>'
	from /home/cortega26/gems/bin/jekyll:25:in `load'
	from /home/cortega26/gems/bin/jekyll:25:in `<top (required)>'
	from /home/cortega26/gems/gems/bundler-2.7.1/lib/bundler/cli/exec.rb:59:in `load'
	from /home/cortega26/gems/gems/bundler-2.7.1/lib/bundler/cli/exec.rb:59:in `kernel_load'
	from /home/cortega26/gems/gems/bundler-2.7.1/lib/bundler/cli/exec.rb:23:in `run'
	from /home/cortega26/gems/gems/bundler-2.7.1/lib/bundler/cli.rb:451:in `exec'
	from /home/cortega26/gems/gems/bundler-2.7.1/lib/bundler/vendor/thor/lib/thor/command.rb:28:in `run'
	from /home/cortega26/gems/gems/bundler-2.7.1/lib/bundler/vendor/thor/lib/thor/invocation.rb:127:in `invoke_command'
	from /home/cortega26/gems/gems/bundler-2.7.1/lib/bundler/vendor/thor/lib/thor.rb:538:in `dispatch'
	from /home/cortega26/gems/gems/bundler-2.7.1/lib/bundler/cli.rb:35:in `dispatch'
	from /home/cortega26/gems/gems/bundler-2.7.1/lib/bundler/vendor/thor/lib/thor/base.rb:584:in `start'
	from /home/cortega26/gems/gems/bundler-2.7.1/lib/bundler/cli.rb:29:in `start'
	from /home/cortega26/gems/gems/bundler-2.7.1/exe/bundle:28:in `block in <top (required)>'
	from /home/cortega26/gems/gems/bundler-2.7.1/lib/bundler/friendly_errors.rb:118:in `with_friendly_errors'
	from /home/cortega26/gems/gems/bundler-2.7.1/exe/bundle:20:in `<top (required)>'
	from /home/cortega26/.rbenv/versions/3.2.6/bin/bundle:25:in `load'
	from /home/cortega26/.rbenv/versions/3.2.6/bin/bundle:25:in `<main>'
